<?xml version="1.0" encoding="UTF-8"?>
<testng-results skipped="0" failed="0" total="1" passed="1">
  <reporter-output>
  </reporter-output>
  <suite name="Default suite" duration-ms="30355" started-at="2019-08-21T05:35:29Z" finished-at="2019-08-21T05:36:00Z">
    <groups>
    </groups>
    <test name="Default test" duration-ms="30355" started-at="2019-08-21T05:35:29Z" finished-at="2019-08-21T05:36:00Z">
      <class name="Annotation">
        <test-method status="PASS" signature="launch()[pri:0, instance:Annotation@f5f2bb7]" name="launch" is-config="true" duration-ms="27716" started-at="2019-08-21T11:05:29Z" finished-at="2019-08-21T11:05:57Z">
          <reporter-output>
          </reporter-output>
        </test-method> <!-- launch -->
        <test-method status="PASS" signature="startTime()[pri:0, instance:Annotation@f5f2bb7]" name="startTime" is-config="true" duration-ms="47" started-at="2019-08-21T11:05:57Z" finished-at="2019-08-21T11:05:57Z">
          <reporter-output>
          </reporter-output>
        </test-method> <!-- startTime -->
        <test-method status="PASS" signature="logic()[pri:0, instance:Annotation@f5f2bb7]" name="logic" duration-ms="2548" started-at="2019-08-21T11:05:57Z" finished-at="2019-08-21T11:06:00Z">
          <reporter-output>
          </reporter-output>
        </test-method> <!-- logic -->
        <test-method status="PASS" signature="endTime()[pri:0, instance:Annotation@f5f2bb7]" name="endTime" is-config="true" duration-ms="0" started-at="2019-08-21T11:06:00Z" finished-at="2019-08-21T11:06:00Z">
          <reporter-output>
          </reporter-output>
        </test-method> <!-- endTime -->
      </class> <!-- Annotation -->
    </test> <!-- Default test -->
  </suite> <!-- Default suite -->
</testng-results>
