<?xml version="1.0" encoding="UTF-8"?>
<testng-results skipped="0" failed="0" ignored="1" total="8" passed="7">
  <reporter-output>
  </reporter-output>
  <suite name="Default suite" duration-ms="99" started-at="2019-08-20T11:10:19Z" finished-at="2019-08-20T11:10:19Z">
    <groups>
    </groups>
    <test name="Default test" duration-ms="99" started-at="2019-08-20T11:10:19Z" finished-at="2019-08-20T11:10:19Z">
      <class name="A">
        <test-method status="PASS" signature="tc1()[pri:-17, instance:A@61dc03ce]" name="tc1" duration-ms="16" started-at="2019-08-20T11:10:19Z" finished-at="2019-08-20T11:10:19Z">
          <reporter-output>
          </reporter-output>
        </test-method> <!-- tc1 -->
        <test-method status="PASS" signature="tc2()[pri:17, instance:A@61dc03ce]" name="tc2" duration-ms="2" started-at="2019-08-20T11:10:19Z" finished-at="2019-08-20T11:10:19Z">
          <reporter-output>
          </reporter-output>
        </test-method> <!-- tc2 -->
        <test-method status="PASS" signature="tc3()[pri:19, instance:A@61dc03ce]" name="tc3" duration-ms="2" started-at="2019-08-20T11:10:19Z" finished-at="2019-08-20T11:10:19Z">
          <reporter-output>
          </reporter-output>
        </test-method> <!-- tc3 -->
        <test-method status="PASS" signature="tc3()[pri:19, instance:A@61dc03ce]" name="tc3" duration-ms="2" started-at="2019-08-20T11:10:19Z" finished-at="2019-08-20T11:10:19Z">
          <reporter-output>
          </reporter-output>
        </test-method> <!-- tc3 -->
        <test-method status="PASS" signature="tc3()[pri:19, instance:A@61dc03ce]" name="tc3" duration-ms="2" started-at="2019-08-20T11:10:19Z" finished-at="2019-08-20T11:10:19Z">
          <reporter-output>
          </reporter-output>
        </test-method> <!-- tc3 -->
        <test-method status="PASS" signature="tc3()[pri:19, instance:A@61dc03ce]" name="tc3" duration-ms="1" started-at="2019-08-20T11:10:19Z" finished-at="2019-08-20T11:10:19Z">
          <reporter-output>
          </reporter-output>
        </test-method> <!-- tc3 -->
        <test-method status="PASS" signature="tc3()[pri:19, instance:A@61dc03ce]" name="tc3" duration-ms="0" started-at="2019-08-20T11:10:19Z" finished-at="2019-08-20T11:10:19Z">
          <reporter-output>
          </reporter-output>
        </test-method> <!-- tc3 -->
      </class> <!-- A -->
    </test> <!-- Default test -->
  </suite> <!-- Default suite -->
</testng-results>
