<?xml version="1.0" encoding="UTF-8"?>
<!-- Generated by org.testng.reporters.JUnitXMLReporter -->
<testsuite hostname="DESKTOP-M1HHMDP" ignored="1" tests="7" failures="0" timestamp="20 Aug 2019 11:10:19 GMT" time="0.099" errors="0">
  <testcase name="tc1" time="0.016" classname="A"/>
  <testcase name="tc2" time="0.002" classname="A"/>
  <testcase name="tc3" time="0.002" classname="A"/>
  <testcase name="tc3" time="0.002" classname="A"/>
  <testcase name="tc3" time="0.002" classname="A"/>
  <testcase name="tc3" time="0.001" classname="A"/>
  <testcase name="tc3" time="0.0" classname="A"/>
  <testcase name="tc4" time="0.0" classname="A">
    <ignored/>
  </testcase> <!-- tc4 -->
</testsuite>
