<?xml version="1.0" encoding="UTF-8"?>
<testng-results skipped="0" failed="0" total="4" passed="4">
  <reporter-output>
  </reporter-output>
  <suite name="Default suite" duration-ms="164" started-at="2019-08-21T03:57:15Z" finished-at="2019-08-21T03:57:15Z">
    <groups>
    </groups>
    <test name="Default test" duration-ms="164" started-at="2019-08-21T03:57:15Z" finished-at="2019-08-21T03:57:15Z">
      <class name="org.india.TestngSuiteLevelExecution.A">
        <test-method status="PASS" signature="tc1()[pri:0, instance:org.india.TestngSuiteLevelExecution.A@2aafb23c]" name="tc1" duration-ms="68" started-at="2019-08-21T09:27:15Z" finished-at="2019-08-21T09:27:15Z">
          <reporter-output>
          </reporter-output>
        </test-method> <!-- tc1 -->
        <test-method status="PASS" signature="tc2()[pri:0, instance:org.india.TestngSuiteLevelExecution.A@2aafb23c]" name="tc2" duration-ms="0" started-at="2019-08-21T09:27:15Z" finished-at="2019-08-21T09:27:15Z">
          <reporter-output>
          </reporter-output>
        </test-method> <!-- tc2 -->
        <test-method status="PASS" signature="tc3()[pri:0, instance:org.india.TestngSuiteLevelExecution.A@2aafb23c]" name="tc3" duration-ms="4" started-at="2019-08-21T09:27:15Z" finished-at="2019-08-21T09:27:15Z">
          <reporter-output>
          </reporter-output>
        </test-method> <!-- tc3 -->
        <test-method status="PASS" signature="tc4()[pri:0, instance:org.india.TestngSuiteLevelExecution.A@2aafb23c]" name="tc4" duration-ms="4" started-at="2019-08-21T09:27:15Z" finished-at="2019-08-21T09:27:15Z">
          <reporter-output>
          </reporter-output>
        </test-method> <!-- tc4 -->
      </class> <!-- org.india.TestngSuiteLevelExecution.A -->
    </test> <!-- Default test -->
  </suite> <!-- Default suite -->
</testng-results>
