<?xml version="1.0" encoding="UTF-8"?>
<!-- Generated by org.testng.reporters.JUnitXMLReporter -->
<testsuite hostname="DESKTOP-M1HHMDP" name="Default test" tests="4" failures="0" timestamp="21 Aug 2019 03:57:16 GMT" time="0.164" errors="0">
  <testcase name="tc1" time="0.068" classname="org.india.TestngSuiteLevelExecution.A"/>
  <testcase name="tc2" time="0.0" classname="org.india.TestngSuiteLevelExecution.A"/>
  <testcase name="tc3" time="0.004" classname="org.india.TestngSuiteLevelExecution.A"/>
  <testcase name="tc4" time="0.004" classname="org.india.TestngSuiteLevelExecution.A"/>
</testsuite> <!-- Default test -->
